<?xml version="1.0" encoding="UTF-8"?>
<!-- Generated by org.testng.reporters.JUnitReportReporter -->
<testsuite hostname="LH7U05CG51708SQ" name="com.Batch3git.com.Batch3git.AppTest" tests="3" failures="0" timestamp="22 Nov 2018 02:04:24 GMT" time="0.017" errors="0">
  <testcase name="Test2" time="0.000" classname="com.Batch3git.com.Batch3git.AppTest"/>
  <testcase name="Test3" time="0.000" classname="com.Batch3git.com.Batch3git.AppTest"/>
  <testcase name="Test1" time="0.017" classname="com.Batch3git.com.Batch3git.AppTest"/>
</testsuite> <!-- com.Batch3git.com.Batch3git.AppTest -->
